-Xajruntimetarget:1.5
-Xlint:ignore
-encoding
UTF-8
-showWeaveInfo
-verbose
-1.8
-classpath
C:\Users\Admin\.m2\repository\org\aspectj\aspectjrt\1.9.19\aspectjrt-1.9.19.jar;C:\Users\Admin\.m2\repository\fi\bugbyte\spacehaven\1.0.0\spacehaven-1.0.0.jar;C:\Users\Admin\.m2\repository\org\aspectj\aspectjweaver\1.9.19\aspectjweaver-1.9.19.jar;C:\Users\Admin\SpaceHavenModding\mods\AutoBuyerMod\target\classes
-d
C:\Users\Admin\SpaceHavenModding\mods\AutoBuyerMod\target\classes
-s
C:\Users\Admin\SpaceHavenModding\mods\AutoBuyerMod\target\generated-sources\aspectj-maven-plugin
C:\Users\Admin\SpaceHavenModding\mods\AutoBuyerMod\src\main\java\com\rinswiftwings\autobuyermod\AutoBuyerAspect.java
C:\Users\Admin\SpaceHavenModding\mods\AutoBuyerMod\src\main\java\com\rinswiftwings\autobuyermod\AutoBuyerConfig.java
C:\Users\Admin\SpaceHavenModding\mods\AutoBuyerMod\src\main\java\com\rinswiftwings\autobuyermod\AutoBuyerCore.java
C:\Users\Admin\SpaceHavenModding\mods\AutoBuyerMod\src\main\java\com\rinswiftwings\autobuyermod\guiAspect.java
C:\Users\Admin\SpaceHavenModding\mods\AutoBuyerMod\src\main\java\com\rinswiftwings\autobuyermod\ModLog.java
C:\Users\Admin\SpaceHavenModding\mods\AutoBuyerMod\src\main\java\com\rinswiftwings\autobuyermod\outlineAspect.java
C:\Users\Admin\SpaceHavenModding\mods\AutoBuyerMod\src\main\java\com\rinswiftwings\autobuyermod\storageGuiAspect.java
